<?xml version="1.0" encoding="UTF-8"?>
<!-- Generated by org.testng.reporters.JUnitXMLReporter -->
<testsuite ignored="0" hostname="DESKTOP-2DP96CH" failures="1" tests="9" name="Default test" time="49.684" errors="0" timestamp="2021-06-15T20:08:13 CEST">
  <testcase classname="Tests.MyWishListTests" name="@AfterMethod posleSvihTestova" time="12.168">
    <failure type="org.openqa.selenium.WebDriverException" message="chrome not reachable
  (Session info: chrome=87.0.4280.66)
Build info: version: &amp;apos;3.141.59&amp;apos;, revision: &amp;apos;e82be7d358&amp;apos;, time: &amp;apos;2018-11-14T08:25:48&amp;apos;
System info: host: &amp;apos;DESKTOP-2DP96CH&amp;apos;, ip: &amp;apos;192.168.1.52&amp;apos;, os.name: &amp;apos;Windows 10&amp;apos;, os.arch: &amp;apos;amd64&amp;apos;, os.version: &amp;apos;10.0&amp;apos;, java.version: &amp;apos;15.0.1&amp;apos;
Driver info: org.openqa.selenium.chrome.ChromeDriver
Capabilities {acceptInsecureCerts: false, browserName: chrome, browserVersion: 87.0.4280.66, chrome: {chromedriverVersion: 87.0.4280.20 (c99e81631faa0..., userDataDir: C:\Users\Marko\AppData\Loca...}, goog:chromeOptions: {debuggerAddress: localhost:61416}, javascriptEnabled: true, networkConnectionEnabled: false, pageLoadStrategy: normal, platform: WINDOWS, platformName: WINDOWS, proxy: Proxy(), setWindowRect: true, strictFileInteractability: false, timeouts: {implicit: 0, pageLoad: 300000, script: 30000}, unhandledPromptBehavior: dismiss and notify, webauthn:virtualAuthenticators: true}
Session ID: ee2edded8f02f6e89a88d9ad7318c66f">
      <![CDATA[org.openqa.selenium.WebDriverException: chrome not reachable
  (Session info: chrome=87.0.4280.66)
Build info: version: '3.141.59', revision: 'e82be7d358', time: '2018-11-14T08:25:48'
System info: host: 'DESKTOP-2DP96CH', ip: '192.168.1.52', os.name: 'Windows 10', os.arch: 'amd64', os.version: '10.0', java.version: '15.0.1'
Driver info: org.openqa.selenium.chrome.ChromeDriver
Capabilities {acceptInsecureCerts: false, browserName: chrome, browserVersion: 87.0.4280.66, chrome: {chromedriverVersion: 87.0.4280.20 (c99e81631faa0..., userDataDir: C:\Users\Marko\AppData\Loca...}, goog:chromeOptions: {debuggerAddress: localhost:61416}, javascriptEnabled: true, networkConnectionEnabled: false, pageLoadStrategy: normal, platform: WINDOWS, platformName: WINDOWS, proxy: Proxy(), setWindowRect: true, strictFileInteractability: false, timeouts: {implicit: 0, pageLoad: 300000, script: 30000}, unhandledPromptBehavior: dismiss and notify, webauthn:virtualAuthenticators: true}
Session ID: ee2edded8f02f6e89a88d9ad7318c66f
at java.base/jdk.internal.reflect.NativeConstructorAccessorImpl.newInstance0(Native Method)
at java.base/jdk.internal.reflect.NativeConstructorAccessorImpl.newInstance(NativeConstructorAccessorImpl.java:64)
at java.base/jdk.internal.reflect.DelegatingConstructorAccessorImpl.newInstance(DelegatingConstructorAccessorImpl.java:45)
at java.base/java.lang.reflect.Constructor.newInstanceWithCaller(Constructor.java:500)
at java.base/java.lang.reflect.Constructor.newInstance(Constructor.java:481)
at org.openqa.selenium.remote.http.W3CHttpResponseCodec.createException(W3CHttpResponseCodec.java:187)
at org.openqa.selenium.remote.http.W3CHttpResponseCodec.decode(W3CHttpResponseCodec.java:122)
at org.openqa.selenium.remote.http.W3CHttpResponseCodec.decode(W3CHttpResponseCodec.java:49)
at org.openqa.selenium.remote.HttpCommandExecutor.execute(HttpCommandExecutor.java:158)
at org.openqa.selenium.remote.service.DriverCommandExecutor.execute(DriverCommandExecutor.java:83)
at org.openqa.selenium.remote.RemoteWebDriver.execute(RemoteWebDriver.java:552)
at org.openqa.selenium.remote.RemoteWebDriver.execute(RemoteWebDriver.java:609)
at org.openqa.selenium.remote.RemoteWebDriver$RemoteWebDriverOptions.deleteAllCookies(RemoteWebDriver.java:694)
at Tests.MyWishListTests.posleSvihTestova(MyWishListTests.java:52)
at java.base/jdk.internal.reflect.NativeMethodAccessorImpl.invoke0(Native Method)
at java.base/jdk.internal.reflect.NativeMethodAccessorImpl.invoke(NativeMethodAccessorImpl.java:64)
at java.base/jdk.internal.reflect.DelegatingMethodAccessorImpl.invoke(DelegatingMethodAccessorImpl.java:43)
at java.base/java.lang.reflect.Method.invoke(Method.java:564)
at org.testng.internal.MethodInvocationHelper.invokeMethod(MethodInvocationHelper.java:133)
at org.testng.internal.MethodInvocationHelper.invokeMethodConsideringTimeout(MethodInvocationHelper.java:62)
at org.testng.internal.ConfigInvoker.invokeConfigurationMethod(ConfigInvoker.java:385)
at org.testng.internal.ConfigInvoker.invokeConfigurations(ConfigInvoker.java:321)
at org.testng.internal.TestInvoker.runConfigMethods(TestInvoker.java:700)
at org.testng.internal.TestInvoker.runAfterGroupsConfigurations(TestInvoker.java:676)
at org.testng.internal.TestInvoker.invokeMethod(TestInvoker.java:660)
at org.testng.internal.TestInvoker.invokeTestMethod(TestInvoker.java:173)
at org.testng.internal.MethodRunner.runInSequence(MethodRunner.java:46)
at org.testng.internal.TestInvoker$MethodInvocationAgent.invoke(TestInvoker.java:824)
at org.testng.internal.TestInvoker.invokeTestMethods(TestInvoker.java:146)
at org.testng.internal.TestMethodWorker.invokeTestMethods(TestMethodWorker.java:146)
at org.testng.internal.TestMethodWorker.run(TestMethodWorker.java:128)
at java.base/java.util.ArrayList.forEach(ArrayList.java:1511)
at org.testng.TestRunner.privateRun(TestRunner.java:794)
at org.testng.TestRunner.run(TestRunner.java:596)
at org.testng.SuiteRunner.runTest(SuiteRunner.java:377)
at org.testng.SuiteRunner.runSequentially(SuiteRunner.java:371)
at org.testng.SuiteRunner.privateRun(SuiteRunner.java:332)
at org.testng.SuiteRunner.run(SuiteRunner.java:276)
at org.testng.SuiteRunnerWorker.runSuite(SuiteRunnerWorker.java:53)
at org.testng.SuiteRunnerWorker.run(SuiteRunnerWorker.java:96)
at org.testng.TestNG.runSuitesSequentially(TestNG.java:1212)
at org.testng.TestNG.runSuitesLocally(TestNG.java:1134)
at org.testng.TestNG.runSuites(TestNG.java:1063)
at org.testng.TestNG.run(TestNG.java:1031)
at org.testng.remote.AbstractRemoteTestNG.run(AbstractRemoteTestNG.java:115)
at org.testng.remote.RemoteTestNG.initAndRun(RemoteTestNG.java:251)
at org.testng.remote.RemoteTestNG.main(RemoteTestNG.java:77)
]]>
    </failure>
  </testcase> <!-- @AfterMethod posleSvihTestova -->
  <testcase classname="Tests.MyWishListTests" name="@BeforeMethod preSvihTesova" time="-1.623780493699E9">
    <skipped/>
  </testcase> <!-- @BeforeMethod preSvihTesova -->
  <testcase classname="Tests.MyWishListTests" name="@AfterMethod posleSvihTestova" time="-1.623780493703E9">
    <skipped/>
  </testcase> <!-- @AfterMethod posleSvihTestova -->
  <testcase classname="Tests.MyWishListTests" name="@BeforeMethod preSvihTesova" time="-1.623780493704E9">
    <skipped/>
  </testcase> <!-- @BeforeMethod preSvihTesova -->
  <testcase classname="Tests.MyWishListTests" name="@AfterMethod posleSvihTestova" time="-1.623780493708E9">
    <skipped/>
  </testcase> <!-- @AfterMethod posleSvihTestova -->
  <testcase classname="Tests.MyWishListTests" name="@BeforeMethod preSvihTesova" time="-1.623780493709E9">
    <skipped/>
  </testcase> <!-- @BeforeMethod preSvihTesova -->
  <testcase classname="Tests.MyWishListTests" name="@AfterMethod posleSvihTestova" time="-1.623780493716E9">
    <skipped/>
  </testcase> <!-- @AfterMethod posleSvihTestova -->
  <testcase classname="Tests.MyWishListTests" name="@BeforeMethod preSvihTesova" time="-1.623780493723E9">
    <skipped/>
  </testcase> <!-- @BeforeMethod preSvihTesova -->
  <testcase classname="Tests.MyWishListTests" name="@AfterMethod posleSvihTestova" time="-1.623780493736E9">
    <skipped/>
  </testcase> <!-- @AfterMethod posleSvihTestova -->
  <testcase classname="Tests.MyWishListTests" name="@BeforeMethod preSvihTesova" time="-1.623780493737E9">
    <skipped/>
  </testcase> <!-- @BeforeMethod preSvihTesova -->
  <testcase classname="Tests.MyWishListTests" name="@AfterMethod posleSvihTestova" time="-1.623780493743E9">
    <skipped/>
  </testcase> <!-- @AfterMethod posleSvihTestova -->
  <testcase classname="Tests.MyWishListTests" name="@BeforeMethod preSvihTesova" time="-1.623780493744E9">
    <skipped/>
  </testcase> <!-- @BeforeMethod preSvihTesova -->
  <testcase classname="Tests.MyWishListTests" name="@AfterMethod posleSvihTestova" time="-1.623780493748E9">
    <skipped/>
  </testcase> <!-- @AfterMethod posleSvihTestova -->
  <testcase classname="Tests.MyWishListTests" name="@BeforeMethod preSvihTesova" time="-1.623780493749E9">
    <skipped/>
  </testcase> <!-- @BeforeMethod preSvihTesova -->
  <testcase classname="Tests.MyWishListTests" name="@AfterMethod posleSvihTestova" time="-1.623780493752E9">
    <skipped/>
  </testcase> <!-- @AfterMethod posleSvihTestova -->
  <testcase classname="Tests.MyWishListTests" name="@BeforeMethod preSvihTesova" time="-1.623780493753E9">
    <skipped/>
  </testcase> <!-- @BeforeMethod preSvihTesova -->
  <testcase classname="Tests.MyWishListTests" name="@AfterMethod posleSvihTestova" time="-1.623780493757E9">
    <skipped/>
  </testcase> <!-- @AfterMethod posleSvihTestova -->
  <testcase classname="Tests.BaseTest" name="@AfterClass posleSvakogTesta" time="-1.623780493758E9">
    <skipped/>
  </testcase> <!-- @AfterClass posleSvakogTesta -->
  <testcase classname="Tests.MyWishListTests" name="deleteOneWishList" time="12.25">
    <failure type="org.openqa.selenium.WebDriverException" message="chrome not reachable
  (Session info: chrome=87.0.4280.66)
Build info: version: &amp;apos;3.141.59&amp;apos;, revision: &amp;apos;e82be7d358&amp;apos;, time: &amp;apos;2018-11-14T08:25:48&amp;apos;
System info: host: &amp;apos;DESKTOP-2DP96CH&amp;apos;, ip: &amp;apos;192.168.1.52&amp;apos;, os.name: &amp;apos;Windows 10&amp;apos;, os.arch: &amp;apos;amd64&amp;apos;, os.version: &amp;apos;10.0&amp;apos;, java.version: &amp;apos;15.0.1&amp;apos;
Driver info: org.openqa.selenium.chrome.ChromeDriver
Capabilities {acceptInsecureCerts: false, browserName: chrome, browserVersion: 87.0.4280.66, chrome: {chromedriverVersion: 87.0.4280.20 (c99e81631faa0..., userDataDir: C:\Users\Marko\AppData\Loca...}, goog:chromeOptions: {debuggerAddress: localhost:61416}, javascriptEnabled: true, networkConnectionEnabled: false, pageLoadStrategy: normal, platform: WINDOWS, platformName: WINDOWS, proxy: Proxy(), setWindowRect: true, strictFileInteractability: false, timeouts: {implicit: 0, pageLoad: 300000, script: 30000}, unhandledPromptBehavior: dismiss and notify, webauthn:virtualAuthenticators: true}
Session ID: ee2edded8f02f6e89a88d9ad7318c66f
*** Element info: {Using=link text, value=Sign in}">
      <![CDATA[org.openqa.selenium.WebDriverException: chrome not reachable
  (Session info: chrome=87.0.4280.66)
Build info: version: '3.141.59', revision: 'e82be7d358', time: '2018-11-14T08:25:48'
System info: host: 'DESKTOP-2DP96CH', ip: '192.168.1.52', os.name: 'Windows 10', os.arch: 'amd64', os.version: '10.0', java.version: '15.0.1'
Driver info: org.openqa.selenium.chrome.ChromeDriver
Capabilities {acceptInsecureCerts: false, browserName: chrome, browserVersion: 87.0.4280.66, chrome: {chromedriverVersion: 87.0.4280.20 (c99e81631faa0..., userDataDir: C:\Users\Marko\AppData\Loca...}, goog:chromeOptions: {debuggerAddress: localhost:61416}, javascriptEnabled: true, networkConnectionEnabled: false, pageLoadStrategy: normal, platform: WINDOWS, platformName: WINDOWS, proxy: Proxy(), setWindowRect: true, strictFileInteractability: false, timeouts: {implicit: 0, pageLoad: 300000, script: 30000}, unhandledPromptBehavior: dismiss and notify, webauthn:virtualAuthenticators: true}
Session ID: ee2edded8f02f6e89a88d9ad7318c66f
*** Element info: {Using=link text, value=Sign in}
at java.base/jdk.internal.reflect.NativeConstructorAccessorImpl.newInstance0(Native Method)
at java.base/jdk.internal.reflect.NativeConstructorAccessorImpl.newInstance(NativeConstructorAccessorImpl.java:64)
at java.base/jdk.internal.reflect.DelegatingConstructorAccessorImpl.newInstance(DelegatingConstructorAccessorImpl.java:45)
at java.base/java.lang.reflect.Constructor.newInstanceWithCaller(Constructor.java:500)
at java.base/java.lang.reflect.Constructor.newInstance(Constructor.java:481)
at org.openqa.selenium.remote.http.W3CHttpResponseCodec.createException(W3CHttpResponseCodec.java:187)
at org.openqa.selenium.remote.http.W3CHttpResponseCodec.decode(W3CHttpResponseCodec.java:122)
at org.openqa.selenium.remote.http.W3CHttpResponseCodec.decode(W3CHttpResponseCodec.java:49)
at org.openqa.selenium.remote.HttpCommandExecutor.execute(HttpCommandExecutor.java:158)
at org.openqa.selenium.remote.service.DriverCommandExecutor.execute(DriverCommandExecutor.java:83)
at org.openqa.selenium.remote.RemoteWebDriver.execute(RemoteWebDriver.java:552)
at org.openqa.selenium.remote.RemoteWebDriver.findElement(RemoteWebDriver.java:323)
at org.openqa.selenium.remote.RemoteWebDriver.findElementByLinkText(RemoteWebDriver.java:380)
at org.openqa.selenium.By$ByLinkText.findElement(By.java:220)
at org.openqa.selenium.remote.RemoteWebDriver.findElement(RemoteWebDriver.java:315)
at Pages.MainNavigationPage.getSignInNavigationButton(MainNavigationPage.java:17)
at Pages.MainNavigationPage.clickOnButtonSignIn(MainNavigationPage.java:20)
at Tests.LogInTest.logInFormFilling(LogInTest.java:83)
at Tests.LogInTest.logInWIthValidCredential(LogInTest.java:20)
at Tests.MyWishListTests.deleteOneWishList(MyWishListTests.java:45)
at java.base/jdk.internal.reflect.NativeMethodAccessorImpl.invoke0(Native Method)
at java.base/jdk.internal.reflect.NativeMethodAccessorImpl.invoke(NativeMethodAccessorImpl.java:64)
at java.base/jdk.internal.reflect.DelegatingMethodAccessorImpl.invoke(DelegatingMethodAccessorImpl.java:43)
at java.base/java.lang.reflect.Method.invoke(Method.java:564)
at org.testng.internal.MethodInvocationHelper.invokeMethod(MethodInvocationHelper.java:133)
at org.testng.internal.TestInvoker.invokeMethod(TestInvoker.java:598)
at org.testng.internal.TestInvoker.invokeTestMethod(TestInvoker.java:173)
at org.testng.internal.MethodRunner.runInSequence(MethodRunner.java:46)
at org.testng.internal.TestInvoker$MethodInvocationAgent.invoke(TestInvoker.java:824)
at org.testng.internal.TestInvoker.invokeTestMethods(TestInvoker.java:146)
at org.testng.internal.TestMethodWorker.invokeTestMethods(TestMethodWorker.java:146)
at org.testng.internal.TestMethodWorker.run(TestMethodWorker.java:128)
at java.base/java.util.ArrayList.forEach(ArrayList.java:1511)
at org.testng.TestRunner.privateRun(TestRunner.java:794)
at org.testng.TestRunner.run(TestRunner.java:596)
at org.testng.SuiteRunner.runTest(SuiteRunner.java:377)
at org.testng.SuiteRunner.runSequentially(SuiteRunner.java:371)
at org.testng.SuiteRunner.privateRun(SuiteRunner.java:332)
at org.testng.SuiteRunner.run(SuiteRunner.java:276)
at org.testng.SuiteRunnerWorker.runSuite(SuiteRunnerWorker.java:53)
at org.testng.SuiteRunnerWorker.run(SuiteRunnerWorker.java:96)
at org.testng.TestNG.runSuitesSequentially(TestNG.java:1212)
at org.testng.TestNG.runSuitesLocally(TestNG.java:1134)
at org.testng.TestNG.runSuites(TestNG.java:1063)
at org.testng.TestNG.run(TestNG.java:1031)
at org.testng.remote.AbstractRemoteTestNG.run(AbstractRemoteTestNG.java:115)
at org.testng.remote.RemoteTestNG.initAndRun(RemoteTestNG.java:251)
at org.testng.remote.RemoteTestNG.main(RemoteTestNG.java:77)
]]>
    </failure>
  </testcase> <!-- deleteOneWishList -->
  <testcase classname="Tests.LogInTest" name="logInWIthValidCredential" time="0.0">
    <skipped/>
  </testcase> <!-- logInWIthValidCredential -->
  <testcase classname="Tests.LogInTest" name="logInWithInvalidCredential" time="0.0">
    <skipped/>
  </testcase> <!-- logInWithInvalidCredential -->
  <testcase classname="Tests.LogInTest" name="logInWithEmtyEmail" time="0.0">
    <skipped/>
  </testcase> <!-- logInWithEmtyEmail -->
  <testcase classname="Tests.LogInTest" name="logInWithEmtyPassword" time="0.0">
    <skipped/>
  </testcase> <!-- logInWithEmtyPassword -->
  <testcase classname="Tests.LogInTest" name="logInWithEmtyCredentials" time="0.0">
    <skipped/>
  </testcase> <!-- logInWithEmtyCredentials -->
  <testcase classname="Tests.MyWishListTests" name="addWishList" time="0.0">
    <skipped/>
  </testcase> <!-- addWishList -->
  <testcase classname="Tests.LogInTest" name="logOut" time="0.0">
    <skipped/>
  </testcase> <!-- logOut -->
  <testcase classname="Tests.MyWishListTests" name="addingMultipleWishLists" time="0.0">
    <skipped/>
  </testcase> <!-- addingMultipleWishLists -->
</testsuite> <!-- Default test -->
