<?xml version="1.0" encoding="UTF-8"?>
<testng-results ignored="7" total="8" passed="1" failed="0" skipped="0">
  <reporter-output>
  </reporter-output>
  <suite started-at="2021-06-15T19:56:02 CEST" name="Default suite" finished-at="2021-06-15T19:57:21 CEST" duration-ms="78732">
    <groups>
    </groups>
    <test started-at="2021-06-15T19:56:02 CEST" name="Default test" finished-at="2021-06-15T19:57:21 CEST" duration-ms="78732">
      <class name="Tests.MyWishListTests">
        <test-method is-config="true" signature="preSvakogTesta()[pri:0, instance:Tests.MyWishListTests@101952da]" started-at="2021-06-15T19:56:02 CEST" name="preSvakogTesta" finished-at="2021-06-15T19:56:06 CEST" duration-ms="4351" status="PASS">
          <reporter-output>
          </reporter-output>
        </test-method> <!-- preSvakogTesta -->
        <test-method is-config="true" signature="preSvihTesova()[pri:0, instance:Tests.MyWishListTests@101952da]" started-at="2021-06-15T19:56:06 CEST" name="preSvihTesova" finished-at="2021-06-15T19:56:19 CEST" duration-ms="12268" status="PASS">
          <reporter-output>
          </reporter-output>
        </test-method> <!-- preSvihTesova -->
        <test-method signature="addingMultipleWishLists()[pri:0, instance:Tests.MyWishListTests@101952da]" started-at="2021-06-15T19:56:19 CEST" name="addingMultipleWishLists" finished-at="2021-06-15T19:57:17 CEST" duration-ms="58438" status="PASS">
          <reporter-output>
          </reporter-output>
        </test-method> <!-- addingMultipleWishLists -->
        <test-method is-config="true" signature="posleSvihTestova()[pri:0, instance:Tests.MyWishListTests@101952da]" started-at="2021-06-15T19:57:17 CEST" name="posleSvihTestova" finished-at="2021-06-15T19:57:20 CEST" duration-ms="3318" status="PASS">
          <reporter-output>
          </reporter-output>
        </test-method> <!-- posleSvihTestova -->
        <test-method is-config="true" signature="posleSvakogTesta()[pri:0, instance:Tests.MyWishListTests@101952da]" started-at="2021-06-15T19:57:20 CEST" name="posleSvakogTesta" finished-at="2021-06-15T19:57:21 CEST" duration-ms="330" status="PASS">
          <reporter-output>
          </reporter-output>
        </test-method> <!-- posleSvakogTesta -->
      </class> <!-- Tests.MyWishListTests -->
    </test> <!-- Default test -->
  </suite> <!-- Default suite -->
</testng-results>
